{"level":"info","message":"Server running on port 3000","timestamp":"2025-07-24T02:29:58.416Z"}
{"level":"info","message":"Connected to DB at /Users/nathan/Documents/barbooks_test/backend/db/database.sqlite","timestamp":"2025-07-24T02:29:58.418Z"}
{"level":"info","message":"Connected to DB at /Users/nathan/Documents/barbooks_test/backend/db/database.sqlite","timestamp":"2025-07-24T02:32:06.900Z"}
{"level":"info","message":"Server running on port 3000","timestamp":"2025-07-24T02:32:14.429Z"}
{"level":"info","message":"Connected to DB at /Users/nathan/Documents/barbooks_test/backend/db/database.sqlite","timestamp":"2025-07-24T02:32:14.432Z"}
{"level":"info","message":"Server running on port 3000","timestamp":"2025-07-24T02:32:24.620Z"}
{"level":"info","message":"Connected to DB at /Users/nathan/Documents/barbooks_test/backend/db/database.sqlite","timestamp":"2025-07-24T02:32:24.623Z"}
{"level":"info","message":"Server running on port 3000","timestamp":"2025-07-24T02:32:55.058Z"}
{"level":"info","message":"Connected to DB at /Users/nathan/Documents/barbooks_test/backend/db/database.sqlite","timestamp":"2025-07-24T02:32:55.061Z"}
{"level":"info","message":"Server running on port 3000","timestamp":"2025-07-24T02:34:19.239Z"}
{"level":"info","message":"Connected to DB at /Users/nathan/Documents/barbooks_test/backend/db/database.sqlite","timestamp":"2025-07-24T02:34:19.241Z"}
{"level":"info","message":"Server running on port 3000","timestamp":"2025-07-24T02:38:39.328Z"}
{"level":"info","message":"Connected to DB at /Users/nathan/Documents/barbooks_test/backend/db/database.sqlite","timestamp":"2025-07-24T02:38:39.330Z"}
{"level":"info","message":"Server running on port 3000","timestamp":"2025-07-24T02:38:53.104Z"}
{"level":"info","message":"Connected to DB at /Users/nathan/Documents/barbooks_test/backend/db/database.sqlite","timestamp":"2025-07-24T02:38:53.107Z"}
{"level":"info","message":"Server running on port 3000","timestamp":"2025-07-24T02:41:58.927Z"}
{"level":"info","message":"Connected to DB at /Users/nathan/Documents/barbooks_test/backend/db/database.sqlite","timestamp":"2025-07-24T02:41:58.929Z"}
{"level":"info","message":"Server running on port 3000","timestamp":"2025-07-24T02:42:49.710Z"}
{"level":"info","message":"Connected to DB at /Users/nathan/Documents/barbooks_test/backend/db/database.sqlite","timestamp":"2025-07-24T02:42:49.712Z"}
{"level":"info","message":"Server running on port 3000","timestamp":"2025-07-24T02:42:55.243Z"}
{"level":"info","message":"Connected to DB at /Users/nathan/Documents/barbooks_test/backend/db/database.sqlite","timestamp":"2025-07-24T02:42:55.246Z"}
{"level":"info","message":"Server running on port 3000","timestamp":"2025-07-24T02:54:11.834Z"}
{"level":"info","message":"Connected to DB at /Users/nathan/Documents/barbooks_test/backend/db/database.sqlite","timestamp":"2025-07-24T02:54:11.836Z"}
{"level":"info","message":"Server running on port 3000","timestamp":"2025-07-24T02:55:10.781Z"}
{"level":"info","message":"Connected to DB at /Users/nathan/Documents/barbooks_test/backend/db/database.sqlite","timestamp":"2025-07-24T02:55:10.784Z"}
{"level":"info","message":"Connected to DB at :memory:","timestamp":"2025-07-24T02:59:48.325Z"}
{"level":"info","medianOrderPrice":2.5,"message":"Generated Summary:","timestamp":"2025-07-24T02:59:48.192Z","topProductByQty":"Apple","totalRevenue":32.5,"uniqueProductCount":3}
{"level":"info","message":"Connected to DB at :memory:","timestamp":"2025-07-24T02:59:48.325Z"}
{"count":4,"level":"info","message":"Fetched orders","timestamp":"2025-07-24T02:59:48.331Z"}
{"count":2,"level":"info","message":"Fetched orders","product":"Apple","timestamp":"2025-07-24T02:59:48.333Z"}
{"count":2,"level":"info","limit":2,"message":"Fetched orders","offset":0,"timestamp":"2025-07-24T02:59:48.334Z"}
{"count":2,"level":"info","limit":2,"message":"Fetched orders","offset":2,"timestamp":"2025-07-24T02:59:48.334Z"}
{"level":"info","message":"Server running on ports 3000","timestamp":"2025-07-24T03:14:15.546Z"}
{"level":"info","message":"Connected to DB at /Users/nathan/Documents/barbooks_test/backend/db/database.sqlite","timestamp":"2025-07-24T03:14:15.549Z"}
{"level":"info","message":"Server running on port 3000","timestamp":"2025-07-24T03:15:34.439Z"}
{"level":"info","message":"Connected to DB at /Users/nathan/Documents/barbooks_test/backend/db/database.sqlite","timestamp":"2025-07-24T03:15:34.443Z"}
{"level":"info","message":"Server running on port 3000","timestamp":"2025-07-24T03:17:05.478Z"}
{"level":"info","message":"Connected to DB at /Users/nathan/Documents/barbooks_test/backend/db/database.sqlite","timestamp":"2025-07-24T03:17:05.483Z"}
{"level":"info","message":"Server running on port 3000","timestamp":"2025-07-24T03:19:35.124Z"}
{"level":"info","message":"Connected to DB at /Users/nathan/Documents/barbooks_test/backend/db/database.sqlite","timestamp":"2025-07-24T03:19:35.129Z"}
{"level":"info","message":"Server running on port 3000","timestamp":"2025-07-24T03:20:06.950Z"}
{"level":"info","message":"Connected to DB at /Users/nathan/Documents/barbooks_test/backend/db/database.sqlite","timestamp":"2025-07-24T03:20:06.952Z"}
{"level":"info","message":"Server running on port 3000","timestamp":"2025-07-24T03:20:11.668Z"}
{"level":"info","message":"Connected to DB at /Users/nathan/Documents/barbooks_test/backend/db/database.sqlite","timestamp":"2025-07-24T03:20:11.670Z"}
{"level":"info","message":"Server running on port 3000","timestamp":"2025-07-24T03:21:30.246Z"}
{"level":"info","message":"Connected to DB at /Users/nathan/Documents/barbooks_test/backend/db/database.sqlite","timestamp":"2025-07-24T03:21:30.249Z"}
{"level":"info","message":"Server running on port 3000","timestamp":"2025-07-24T03:22:44.407Z"}
{"level":"info","message":"Connected to DB at /Users/nathan/Documents/barbooks_test/backend/db/database.sqlite","timestamp":"2025-07-24T03:22:44.410Z"}
{"level":"info","message":"Server running on port 3000","timestamp":"2025-07-24T03:30:01.573Z"}
{"level":"info","message":"Connected to DB at /Users/nathan/Documents/barbooks_test/backend/db/database.sqlite","timestamp":"2025-07-24T03:30:01.575Z"}
{"level":"info","message":"Server running on port 3000","timestamp":"2025-07-24T03:30:14.329Z"}
{"level":"info","message":"Connected to DB at /Users/nathan/Documents/barbooks_test/backend/db/database.sqlite","timestamp":"2025-07-24T03:30:14.331Z"}
{"error":"SQLITE_ERROR: no such table: orders","level":"error","message":"Error fetching orders","params":[10,0],"query":"SELECT * FROM orders  ORDER BY product ASC LIMIT ? OFFSET ?","timestamp":"2025-07-24T03:30:18.153Z"}
{"error":"SQLITE_ERROR: no such table: orders","level":"error","message":"Failed to fetch orders orders failed","stack":"Error: SQLITE_ERROR: no such table: orders","timestamp":"2025-07-24T03:30:18.155Z"}
{"level":"info","message":"GET /api/orders 500 - 12ms","timestamp":"2025-07-24T03:30:18.159Z"}
{"level":"info","message":"GET / 404 - 1ms","timestamp":"2025-07-24T03:30:40.108Z"}
{"level":"info","message":"Server running on port 3000","timestamp":"2025-07-24T03:30:51.577Z"}
{"level":"info","message":"Connected to DB at /Users/nathan/Documents/barbooks_test/backend/db/database.sqlite","timestamp":"2025-07-24T03:30:51.580Z"}
{"level":"info","message":"Server running on port 3000","timestamp":"2025-07-24T03:30:54.718Z"}
{"level":"info","message":"Connected to DB at /Users/nathan/Documents/barbooks_test/backend/db/database.sqlite","timestamp":"2025-07-24T03:30:54.721Z"}
{"level":"info","message":"Connected to DB at /Users/nathan/Documents/barbooks_test/backend/db/database.sqlite","timestamp":"2025-07-24T03:31:24.962Z"}
{"level":"info","message":"Server running on port 3000","timestamp":"2025-07-24T03:31:35.600Z"}
{"level":"info","message":"Connected to DB at /Users/nathan/Documents/barbooks_test/backend/db/database.sqlite","timestamp":"2025-07-24T03:31:35.604Z"}
{"level":"info","message":"Server running on port 3000","timestamp":"2025-07-24T03:31:44.240Z"}
{"level":"info","message":"Connected to DB at /Users/nathan/Documents/barbooks_test/backend/db/database.sqlite","timestamp":"2025-07-24T03:31:44.243Z"}
{"level":"info","message":"Server running on port 3000","timestamp":"2025-07-24T03:31:45.159Z"}
{"level":"info","message":"Connected to DB at /Users/nathan/Documents/barbooks_test/backend/db/database.sqlite","timestamp":"2025-07-24T03:31:45.161Z"}
{"level":"info","message":"Connected to DB at /Users/nathan/Documents/barbooks_test/backend/db/database.sqlite","timestamp":"2025-07-24T03:39:54.593Z"}
{"level":"info","message":"Executed orders.sql successfully","timestamp":"2025-07-24T03:39:54.598Z"}
{"level":"info","message":"Database connection closed after migrations.","timestamp":"2025-07-24T03:39:54.598Z"}
{"level":"info","message":"Server running on port 3000","timestamp":"2025-07-24T03:39:54.600Z"}
{"level":"info","message":"Connected to DB at /Users/nathan/Documents/barbooks_test/backend/db/database.sqlite","timestamp":"2025-07-24T03:42:28.030Z"}
{"level":"info","message":"Executed orders.sql successfully","timestamp":"2025-07-24T03:42:28.033Z"}
{"level":"info","message":"Database connection closed after migrations.","timestamp":"2025-07-24T03:42:28.034Z"}
{"level":"info","message":"Server running on port 3000","timestamp":"2025-07-24T03:42:28.035Z"}
{"error":"SQLITE_ERROR: no such table: orders","level":"error","message":"Error fetching orders","params":[5,0],"query":"SELECT * FROM orders  ORDER BY product ASC LIMIT ? OFFSET ?","timestamp":"2025-07-24T03:42:29.955Z"}
{"error":"SQLITE_ERROR: no such table: orders","level":"error","message":"Failed to fetch orders orders failed","stack":"Error: SQLITE_ERROR: no such table: orders","timestamp":"2025-07-24T03:42:29.955Z"}
{"level":"info","message":"GET /api/orders?product=&limit=5&offset=0 500 - 5ms","timestamp":"2025-07-24T03:42:29.958Z"}
{"level":"info","message":"GET /favicon.ico 404 - 1ms","timestamp":"2025-07-24T03:42:29.986Z"}
{"error":"SQLITE_ERROR: no such table: orders","level":"error","message":"Error inserting order","price":1,"product":"Test","qty":1,"timestamp":"2025-07-24T03:42:36.425Z"}
{"error":"SQLITE_ERROR: no such table: orders","level":"error","message":"Failed to add order failed","stack":"Error: SQLITE_ERROR: no such table: orders","timestamp":"2025-07-24T03:42:36.426Z"}
{"level":"info","message":"POST /api/orders 500 - 2ms","timestamp":"2025-07-24T03:42:36.427Z"}
{"level":"info","message":"Connected to DB at /Users/nathan/Documents/barbooks_test/backend/db/database.sqlite","timestamp":"2025-07-24T03:43:00.603Z"}
{"level":"info","message":"Executed orders.sql successfully","timestamp":"2025-07-24T03:43:00.606Z"}
{"level":"info","message":"Database connection closed after migrations.","timestamp":"2025-07-24T03:43:00.607Z"}
{"level":"info","message":"Server running on port 3000","timestamp":"2025-07-24T03:43:00.608Z"}
{"level":"info","message":"Executed orders.sql successfully","timestamp":"2025-07-24T03:45:27.325Z"}
{"level":"info","message":"Database connection closed after migrations.","timestamp":"2025-07-24T03:45:27.327Z"}
{"level":"info","message":"✅ Seeding complete","timestamp":"2025-07-24T03:45:27.329Z"}
{"level":"info","message":"Server is running on http://localhost:3000","timestamp":"2025-07-24T03:45:27.330Z"}
{"level":"info","message":"Executed orders.sql successfully","timestamp":"2025-07-24T03:45:39.887Z"}
{"level":"info","message":"Database connection closed after migrations.","timestamp":"2025-07-24T03:45:39.889Z"}
{"level":"info","message":"✅ Seeding complete","timestamp":"2025-07-24T03:45:39.890Z"}
{"level":"info","message":"Server is running on http://localhost:3000","timestamp":"2025-07-24T03:45:39.891Z"}
{"level":"info","message":"Executed orders.sql successfully","timestamp":"2025-07-24T03:46:09.570Z"}
{"level":"info","message":"Database connection closed after migrations.","timestamp":"2025-07-24T03:46:09.573Z"}
{"level":"info","message":"✅ Seeding complete","timestamp":"2025-07-24T03:46:09.574Z"}
{"level":"info","message":"Server is running on http://localhost:3000","timestamp":"2025-07-24T03:46:09.575Z"}
{"level":"info","message":"Connected to DB at /Users/nathan/Documents/barbooks_test/backend/db/database.sqlite","timestamp":"2025-07-24T03:46:41.338Z"}
{"level":"info","message":"Executed orders.sql successfully","timestamp":"2025-07-24T03:46:41.341Z"}
{"level":"info","message":"Database connection closed after migrations.","timestamp":"2025-07-24T03:46:41.342Z"}
{"level":"info","message":"Server running on port 3000","timestamp":"2025-07-24T03:46:41.343Z"}
{"level":"info","message":"Connected to DB at /Users/nathan/Documents/barbooks_test/backend/db/database.sqlite","timestamp":"2025-07-24T03:46:43.124Z"}
{"level":"info","message":"Executed orders.sql successfully","timestamp":"2025-07-24T03:46:43.127Z"}
{"level":"info","message":"Database connection closed after migrations.","timestamp":"2025-07-24T03:46:43.128Z"}
{"level":"info","message":"Server running on port 3000","timestamp":"2025-07-24T03:46:43.129Z"}
{"level":"info","message":"Connected to DB at /Users/nathan/Documents/barbooks_test/backend/db/database.sqlite","timestamp":"2025-07-24T03:46:44.808Z"}
{"level":"info","message":"Executed orders.sql successfully","timestamp":"2025-07-24T03:46:44.812Z"}
{"level":"info","message":"Database connection closed after migrations.","timestamp":"2025-07-24T03:46:44.812Z"}
{"level":"info","message":"Server running on port 3000","timestamp":"2025-07-24T03:46:44.813Z"}
{"level":"info","message":"Executed orders.sql successfully","timestamp":"2025-07-24T03:46:47.315Z"}
{"level":"info","message":"Database connection closed after migrations.","timestamp":"2025-07-24T03:46:47.317Z"}
{"level":"info","message":"✅ Seeding complete","timestamp":"2025-07-24T03:46:47.318Z"}
{"level":"info","message":"Server is running on http://localhost:3000","timestamp":"2025-07-24T03:46:47.319Z"}
{"level":"info","message":"Executed orders.sql successfully","timestamp":"2025-07-24T03:46:47.814Z"}
{"level":"info","message":"Database connection closed after migrations.","timestamp":"2025-07-24T03:46:47.816Z"}
{"level":"info","message":"✅ Seeding complete","timestamp":"2025-07-24T03:46:47.817Z"}
{"level":"info","message":"Server is running on http://localhost:3000","timestamp":"2025-07-24T03:46:47.818Z"}
{"level":"info","message":"Executed orders.sql successfully","timestamp":"2025-07-24T03:46:48.011Z"}
{"level":"info","message":"Database connection closed after migrations.","timestamp":"2025-07-24T03:46:48.013Z"}
{"level":"info","message":"✅ Seeding complete","timestamp":"2025-07-24T03:46:48.014Z"}
{"level":"info","message":"Server is running on http://localhost:3000","timestamp":"2025-07-24T03:46:48.015Z"}
{"level":"info","message":"Executed orders.sql successfully","timestamp":"2025-07-24T03:46:48.118Z"}
{"level":"info","message":"Database connection closed after migrations.","timestamp":"2025-07-24T03:46:48.120Z"}
{"level":"info","message":"✅ Seeding complete","timestamp":"2025-07-24T03:46:48.121Z"}
{"level":"info","message":"Server is running on http://localhost:3000","timestamp":"2025-07-24T03:46:48.123Z"}
{"level":"info","message":"Executed orders.sql successfully","timestamp":"2025-07-24T03:46:48.563Z"}
{"level":"info","message":"Database connection closed after migrations.","timestamp":"2025-07-24T03:46:48.564Z"}
{"level":"info","message":"✅ Seeding complete","timestamp":"2025-07-24T03:46:48.566Z"}
{"level":"info","message":"Server is running on http://localhost:3000","timestamp":"2025-07-24T03:46:48.567Z"}
{"level":"info","message":"Executed orders.sql successfully","timestamp":"2025-07-24T03:46:58.038Z"}
{"level":"info","message":"Database connection closed after migrations.","timestamp":"2025-07-24T03:46:58.040Z"}
{"level":"info","message":"✅ Seeding complete","timestamp":"2025-07-24T03:46:58.041Z"}
{"level":"info","message":"Server is running on http://localhost:3000","timestamp":"2025-07-24T03:46:58.042Z"}
{"level":"info","message":"✅ Health check passed","timestamp":"2025-07-24T03:47:16.562Z"}
{"level":"info","message":"Connected to DB at /Users/nathan/Documents/barbooks_test/backend/db/database.sqlite","timestamp":"2025-07-24T03:49:18.664Z"}
{"level":"info","message":"Executed orders.sql successfully","timestamp":"2025-07-24T03:49:18.675Z"}
{"level":"info","message":"Database connection closed after migrations.","timestamp":"2025-07-24T03:49:18.676Z"}
{"level":"info","message":"Server running on port 3000","timestamp":"2025-07-24T03:49:18.677Z"}
{"level":"info","message":"Executed orders.sql successfully","timestamp":"2025-07-24T03:49:21.004Z"}
{"level":"info","message":"Database connection closed after migrations.","timestamp":"2025-07-24T03:49:21.006Z"}
{"level":"info","message":"✅ Seeding complete","timestamp":"2025-07-24T03:49:21.006Z"}
{"level":"info","message":"Server is running on http://localhost:3000","timestamp":"2025-07-24T03:49:21.007Z"}
{"level":"info","message":"Connected to DB at /Users/nathan/Documents/barbooks_test/backend/db/database.sqlite","timestamp":"2025-07-24T03:49:25.205Z"}
{"level":"info","message":"Executed orders.sql successfully","timestamp":"2025-07-24T03:49:25.208Z"}
{"level":"info","message":"Database connection closed after migrations.","timestamp":"2025-07-24T03:49:25.208Z"}
{"level":"info","message":"✅ Seeding complete","timestamp":"2025-07-24T03:49:25.209Z"}
{"level":"info","message":"Server is running on http://localhost:3000","timestamp":"2025-07-24T03:49:25.210Z"}
{"level":"info","message":"Connected to DB at /Users/nathan/Documents/barbooks_test/backend/db/database.sqlite","timestamp":"2025-07-24T03:49:29.001Z"}
{"level":"info","message":"Executed orders.sql successfully","timestamp":"2025-07-24T03:49:29.009Z"}
{"level":"info","message":"Database connection closed after migrations.","timestamp":"2025-07-24T03:49:29.010Z"}
{"level":"info","message":"✅ Seeding complete","timestamp":"2025-07-24T03:49:29.011Z"}
{"level":"info","message":"Server is running on http://localhost:3000","timestamp":"2025-07-24T03:49:29.013Z"}
{"error":"SQLITE_ERROR: no such table: orders","level":"error","message":"Error fetching orders","params":[5,0],"query":"SELECT * FROM orders  ORDER BY product ASC LIMIT ? OFFSET ?","timestamp":"2025-07-24T03:49:31.068Z"}
{"error":"SQLITE_ERROR: no such table: orders","level":"error","message":"Failed to fetch orders orders failed","stack":"Error: SQLITE_ERROR: no such table: orders","timestamp":"2025-07-24T03:49:31.069Z"}
{"level":"info","message":"GET /api/orders?product=&limit=5&offset=0 500 - 6ms","timestamp":"2025-07-24T03:49:31.072Z"}
{"error":"SQLITE_ERROR: no such table: orders","level":"error","message":"Error fetching orders","params":[5,0],"query":"SELECT * FROM orders  ORDER BY product ASC LIMIT ? OFFSET ?","timestamp":"2025-07-24T03:49:33.419Z"}
{"error":"SQLITE_ERROR: no such table: orders","level":"error","message":"Failed to fetch orders orders failed","stack":"Error: SQLITE_ERROR: no such table: orders","timestamp":"2025-07-24T03:49:33.420Z"}
{"level":"info","message":"GET /api/orders?product=&limit=5&offset=0 500 - 4ms","timestamp":"2025-07-24T03:49:33.422Z"}
{"error":"SQLITE_ERROR: no such table: orders","level":"error","message":"Error fetching orders","params":[],"query":"SELECT * FROM orders  ORDER BY product ASC","timestamp":"2025-07-24T03:49:33.422Z"}
{"code":"SQLITE_ERROR","errno":1,"level":"error","message":"Failed to generate summary SQLITE_ERROR: no such table: orders","stack":"Error: SQLITE_ERROR: no such table: orders","timestamp":"2025-07-24T03:49:33.422Z"}
{"level":"info","message":"GET /api/summary 500 - 5ms","timestamp":"2025-07-24T03:49:33.423Z"}
{"error":"SQLITE_ERROR: no such table: orders","level":"error","message":"Error fetching orders","params":[5,0],"query":"SELECT * FROM orders  ORDER BY product ASC LIMIT ? OFFSET ?","timestamp":"2025-07-24T03:49:33.425Z"}
{"error":"SQLITE_ERROR: no such table: orders","level":"error","message":"Failed to fetch orders orders failed","stack":"Error: SQLITE_ERROR: no such table: orders","timestamp":"2025-07-24T03:49:33.426Z"}
{"level":"info","message":"GET /api/orders?product=&limit=5&offset=0 500 - 10ms","timestamp":"2025-07-24T03:49:33.434Z"}
{"error":"SQLITE_ERROR: no such table: orders","level":"error","message":"Error fetching orders","params":[],"query":"SELECT * FROM orders  ORDER BY product ASC","timestamp":"2025-07-24T03:49:33.437Z"}
{"code":"SQLITE_ERROR","errno":1,"level":"error","message":"Failed to generate summary SQLITE_ERROR: no such table: orders","stack":"Error: SQLITE_ERROR: no such table: orders","timestamp":"2025-07-24T03:49:33.437Z"}
{"level":"info","message":"GET /api/summary 500 - 32ms","timestamp":"2025-07-24T03:49:33.456Z"}
{"level":"info","message":"Connected to DB at /Users/nathan/Documents/barbooks_test/backend/db/database.sqlite","timestamp":"2025-07-24T03:50:32.351Z"}
{"level":"info","message":"Executed orders.sql successfully","timestamp":"2025-07-24T03:50:32.354Z"}
{"level":"info","message":"Database connection closed after migrations.","timestamp":"2025-07-24T03:50:32.355Z"}
{"level":"info","message":"✅ Seeding complete","timestamp":"2025-07-24T03:50:32.357Z"}
{"level":"info","message":"Server is running on http://localhost:3000","timestamp":"2025-07-24T03:50:32.358Z"}
{"error":"SQLITE_ERROR: no such table: orders","level":"error","message":"Error fetching orders","params":[5,0],"query":"SELECT * FROM orders  ORDER BY product ASC LIMIT ? OFFSET ?","timestamp":"2025-07-24T03:50:36.848Z"}
{"error":"SQLITE_ERROR: no such table: orders","level":"error","message":"Failed to fetch orders orders failed","stack":"Error: SQLITE_ERROR: no such table: orders","timestamp":"2025-07-24T03:50:36.849Z"}
{"level":"info","message":"GET /api/orders?product=&limit=5&offset=0 500 - 20ms","timestamp":"2025-07-24T03:50:36.855Z"}
{"error":"SQLITE_ERROR: no such table: orders","level":"error","message":"Error fetching orders","params":[],"query":"SELECT * FROM orders  ORDER BY product ASC","timestamp":"2025-07-24T03:50:36.857Z"}
{"code":"SQLITE_ERROR","errno":1,"level":"error","message":"Failed to generate summary SQLITE_ERROR: no such table: orders","stack":"Error: SQLITE_ERROR: no such table: orders","timestamp":"2025-07-24T03:50:36.857Z"}
{"level":"info","message":"GET /api/summary 500 - 2ms","timestamp":"2025-07-24T03:50:36.858Z"}
{"error":"SQLITE_ERROR: no such table: orders","level":"error","message":"Error fetching orders","params":[5,0],"query":"SELECT * FROM orders  ORDER BY product ASC LIMIT ? OFFSET ?","timestamp":"2025-07-24T03:50:36.860Z"}
{"error":"SQLITE_ERROR: no such table: orders","level":"error","message":"Failed to fetch orders orders failed","stack":"Error: SQLITE_ERROR: no such table: orders","timestamp":"2025-07-24T03:50:36.861Z"}
{"level":"info","message":"GET /api/orders?product=&limit=5&offset=0 500 - 5ms","timestamp":"2025-07-24T03:50:36.862Z"}
{"error":"SQLITE_ERROR: no such table: orders","level":"error","message":"Error fetching orders","params":[],"query":"SELECT * FROM orders  ORDER BY product ASC","timestamp":"2025-07-24T03:50:36.864Z"}
{"code":"SQLITE_ERROR","errno":1,"level":"error","message":"Failed to generate summary SQLITE_ERROR: no such table: orders","stack":"Error: SQLITE_ERROR: no such table: orders","timestamp":"2025-07-24T03:50:36.867Z"}
{"level":"info","message":"GET /api/summary 500 - 6ms","timestamp":"2025-07-24T03:50:36.869Z"}
{"level":"info","message":"Connected to DB at /Users/nathan/Documents/barbooks_test/backend/db/database.sqlite","timestamp":"2025-07-24T03:51:31.853Z"}
{"level":"info","message":"Executed orders.sql successfully","timestamp":"2025-07-24T03:51:31.855Z"}
{"level":"info","message":"Database connection closed after migrations.","timestamp":"2025-07-24T03:51:31.856Z"}
{"level":"info","message":"✅ Seeding complete","timestamp":"2025-07-24T03:51:31.857Z"}
{"level":"info","message":"Server is running on http://localhost:3000","timestamp":"2025-07-24T03:51:31.858Z"}
{"level":"info","message":"Connected to DB at /Users/nathan/Documents/barbooks_test/backend/db/database.sqlite","timestamp":"2025-07-24T03:51:41.003Z"}
{"level":"info","message":"Executed orders.sql successfully","timestamp":"2025-07-24T03:51:41.005Z"}
{"level":"info","message":"Database connection closed after migrations.","timestamp":"2025-07-24T03:51:41.006Z"}
{"level":"info","message":"✅ Seeding complete","timestamp":"2025-07-24T03:51:41.007Z"}
{"level":"info","message":"Server is running on http://localhost:3000","timestamp":"2025-07-24T03:51:41.009Z"}
{"level":"info","message":"Connected to DB at /Users/nathan/Documents/barbooks_test/backend/db/database.sqlite","timestamp":"2025-07-24T03:53:48.471Z"}
{"level":"info","message":"Executed orders.sql successfully","timestamp":"2025-07-24T03:53:48.477Z"}
{"level":"info","message":"Database connection closed after migrations.","timestamp":"2025-07-24T03:53:48.477Z"}
{"level":"info","message":"✅ Seeding complete","timestamp":"2025-07-24T03:53:48.478Z"}
{"level":"info","message":"Server is running on http://localhost:3000","timestamp":"2025-07-24T03:53:48.479Z"}
{"error":"SQLITE_ERROR: no such table: orders","level":"error","message":"Error fetching orders","params":[5,0],"query":"SELECT * FROM orders  ORDER BY product ASC LIMIT ? OFFSET ?","timestamp":"2025-07-24T03:54:20.760Z"}
{"error":"SQLITE_ERROR: no such table: orders","level":"error","message":"Failed to fetch orders orders failed","stack":"Error: SQLITE_ERROR: no such table: orders","timestamp":"2025-07-24T03:54:20.762Z"}
{"level":"info","message":"GET /api/orders?product=&limit=5&offset=0 500 - 21ms","timestamp":"2025-07-24T03:54:20.771Z"}
{"error":"SQLITE_ERROR: no such table: orders","level":"error","message":"Error fetching orders","params":[],"query":"SELECT * FROM orders  ORDER BY product ASC","timestamp":"2025-07-24T03:54:20.773Z"}
{"code":"SQLITE_ERROR","errno":1,"level":"error","message":"Failed to generate summary SQLITE_ERROR: no such table: orders","stack":"Error: SQLITE_ERROR: no such table: orders","timestamp":"2025-07-24T03:54:20.773Z"}
{"level":"info","message":"GET /api/summary 500 - 1ms","timestamp":"2025-07-24T03:54:20.774Z"}
{"error":"SQLITE_ERROR: no such table: orders","level":"error","message":"Error fetching orders","params":[5,0],"query":"SELECT * FROM orders  ORDER BY product ASC LIMIT ? OFFSET ?","timestamp":"2025-07-24T03:54:20.774Z"}
{"error":"SQLITE_ERROR: no such table: orders","level":"error","message":"Failed to fetch orders orders failed","stack":"Error: SQLITE_ERROR: no such table: orders","timestamp":"2025-07-24T03:54:20.775Z"}
{"level":"info","message":"GET /api/orders?product=&limit=5&offset=0 500 - 6ms","timestamp":"2025-07-24T03:54:20.778Z"}
{"error":"SQLITE_ERROR: no such table: orders","level":"error","message":"Error fetching orders","params":[],"query":"SELECT * FROM orders  ORDER BY product ASC","timestamp":"2025-07-24T03:54:20.779Z"}
{"code":"SQLITE_ERROR","errno":1,"level":"error","message":"Failed to generate summary SQLITE_ERROR: no such table: orders","stack":"Error: SQLITE_ERROR: no such table: orders","timestamp":"2025-07-24T03:54:20.779Z"}
{"level":"info","message":"GET /api/summary 500 - 2ms","timestamp":"2025-07-24T03:54:20.781Z"}
{"error":"SQLITE_ERROR: no such table: orders","level":"error","message":"Error fetching orders","params":[5,0],"query":"SELECT * FROM orders  ORDER BY product ASC LIMIT ? OFFSET ?","timestamp":"2025-07-24T03:54:22.493Z"}
{"error":"SQLITE_ERROR: no such table: orders","level":"error","message":"Failed to fetch orders orders failed","stack":"Error: SQLITE_ERROR: no such table: orders","timestamp":"2025-07-24T03:54:22.493Z"}
{"level":"info","message":"GET /api/orders?product=&limit=5&offset=0 500 - 3ms","timestamp":"2025-07-24T03:54:22.494Z"}
{"error":"SQLITE_ERROR: no such table: orders","level":"error","message":"Error fetching orders","params":[],"query":"SELECT * FROM orders  ORDER BY product ASC","timestamp":"2025-07-24T03:54:22.495Z"}
{"code":"SQLITE_ERROR","errno":1,"level":"error","message":"Failed to generate summary SQLITE_ERROR: no such table: orders","stack":"Error: SQLITE_ERROR: no such table: orders","timestamp":"2025-07-24T03:54:22.495Z"}
{"level":"info","message":"GET /api/summary 500 - 3ms","timestamp":"2025-07-24T03:54:22.496Z"}
{"error":"SQLITE_ERROR: no such table: orders","level":"error","message":"Error fetching orders","params":[5,0],"query":"SELECT * FROM orders  ORDER BY product ASC LIMIT ? OFFSET ?","timestamp":"2025-07-24T03:54:22.498Z"}
{"error":"SQLITE_ERROR: no such table: orders","level":"error","message":"Failed to fetch orders orders failed","stack":"Error: SQLITE_ERROR: no such table: orders","timestamp":"2025-07-24T03:54:22.498Z"}
{"level":"info","message":"GET /api/orders?product=&limit=5&offset=0 500 - 1ms","timestamp":"2025-07-24T03:54:22.499Z"}
{"error":"SQLITE_ERROR: no such table: orders","level":"error","message":"Error fetching orders","params":[],"query":"SELECT * FROM orders  ORDER BY product ASC","timestamp":"2025-07-24T03:54:22.499Z"}
{"code":"SQLITE_ERROR","errno":1,"level":"error","message":"Failed to generate summary SQLITE_ERROR: no such table: orders","stack":"Error: SQLITE_ERROR: no such table: orders","timestamp":"2025-07-24T03:54:22.499Z"}
{"level":"info","message":"GET /api/summary 500 - 2ms","timestamp":"2025-07-24T03:54:22.500Z"}
{"error":"SQLITE_ERROR: no such table: orders","level":"error","message":"Error fetching orders","params":[5,0],"query":"SELECT * FROM orders  ORDER BY product ASC LIMIT ? OFFSET ?","timestamp":"2025-07-24T03:54:23.909Z"}
{"error":"SQLITE_ERROR: no such table: orders","level":"error","message":"Failed to fetch orders orders failed","stack":"Error: SQLITE_ERROR: no such table: orders","timestamp":"2025-07-24T03:54:23.909Z"}
{"level":"info","message":"GET /api/orders?product=&limit=5&offset=0 500 - 4ms","timestamp":"2025-07-24T03:54:23.911Z"}
{"error":"SQLITE_ERROR: no such table: orders","level":"error","message":"Error fetching orders","params":[],"query":"SELECT * FROM orders  ORDER BY product ASC","timestamp":"2025-07-24T03:54:23.911Z"}
{"code":"SQLITE_ERROR","errno":1,"level":"error","message":"Failed to generate summary SQLITE_ERROR: no such table: orders","stack":"Error: SQLITE_ERROR: no such table: orders","timestamp":"2025-07-24T03:54:23.912Z"}
{"level":"info","message":"GET /api/summary 500 - 3ms","timestamp":"2025-07-24T03:54:23.912Z"}
{"error":"SQLITE_ERROR: no such table: orders","level":"error","message":"Error fetching orders","params":[],"query":"SELECT * FROM orders  ORDER BY product ASC","timestamp":"2025-07-24T03:54:23.916Z"}
{"code":"SQLITE_ERROR","errno":1,"level":"error","message":"Failed to generate summary SQLITE_ERROR: no such table: orders","stack":"Error: SQLITE_ERROR: no such table: orders","timestamp":"2025-07-24T03:54:23.916Z"}
{"level":"info","message":"GET /api/summary 500 - 12ms","timestamp":"2025-07-24T03:54:23.927Z"}
{"error":"SQLITE_ERROR: no such table: orders","level":"error","message":"Error fetching orders","params":[5,0],"query":"SELECT * FROM orders  ORDER BY product ASC LIMIT ? OFFSET ?","timestamp":"2025-07-24T03:54:23.928Z"}
{"error":"SQLITE_ERROR: no such table: orders","level":"error","message":"Failed to fetch orders orders failed","stack":"Error: SQLITE_ERROR: no such table: orders","timestamp":"2025-07-24T03:54:23.928Z"}
{"level":"info","message":"GET /api/orders?product=&limit=5&offset=0 500 - 15ms","timestamp":"2025-07-24T03:54:23.931Z"}
{"level":"info","message":"Executed orders.sql successfully","timestamp":"2025-07-24T03:58:52.397Z"}
{"level":"info","message":"Database connection closed after migrations.","timestamp":"2025-07-24T03:58:52.400Z"}
{"level":"info","message":"✅ Seeding complete","timestamp":"2025-07-24T03:58:52.401Z"}
{"level":"info","message":"Server is running on http://localhost:3000","timestamp":"2025-07-24T03:58:52.402Z"}
{"level":"info","message":"Connected to DB at /Users/nathan/Documents/barbooks_test/backend/db/database.sqlite","timestamp":"2025-07-24T03:58:55.321Z"}
{"level":"info","message":"Executed orders.sql successfully","timestamp":"2025-07-24T03:58:55.324Z"}
{"level":"info","message":"Database connection closed after migrations.","timestamp":"2025-07-24T03:58:55.325Z"}
{"level":"info","message":"✅ Seeding complete","timestamp":"2025-07-24T03:58:55.325Z"}
{"level":"info","message":"Server is running on http://localhost:3000","timestamp":"2025-07-24T03:58:55.326Z"}
{"level":"info","message":"Connected to DB at /Users/nathan/Documents/barbooks_test/backend/db/database.sqlite","timestamp":"2025-07-24T04:00:18.718Z"}
{"level":"info","message":"Executed orders.sql successfully","timestamp":"2025-07-24T04:00:18.724Z"}
{"level":"info","message":"Database connection closed after migrations.","timestamp":"2025-07-24T04:00:18.724Z"}
{"level":"info","message":"✅ Seeding complete","timestamp":"2025-07-24T04:00:18.725Z"}
{"level":"info","message":"Server is running on http://localhost:3000","timestamp":"2025-07-24T04:00:18.726Z"}
{"error":"SQLITE_ERROR: no such table: orders","level":"error","message":"Error fetching orders","params":[5,0],"query":"SELECT * FROM orders  ORDER BY product ASC LIMIT ? OFFSET ?","timestamp":"2025-07-24T04:01:09.042Z"}
{"error":"SQLITE_ERROR: no such table: orders","level":"error","message":"Failed to fetch orders orders failed","stack":"Error: SQLITE_ERROR: no such table: orders","timestamp":"2025-07-24T04:01:09.043Z"}
{"level":"info","message":"GET /api/orders?product=&limit=5&offset=0 500 - 8ms","timestamp":"2025-07-24T04:01:09.047Z"}
{"level":"info","message":"GET /favicon.ico 404 - 0ms","timestamp":"2025-07-24T04:01:09.099Z"}
{"error":"SQLITE_ERROR: no such table: orders","level":"error","message":"Error fetching orders","params":[10,0],"query":"SELECT * FROM orders  ORDER BY product ASC LIMIT ? OFFSET ?","timestamp":"2025-07-24T04:01:12.808Z"}
{"error":"SQLITE_ERROR: no such table: orders","level":"error","message":"Failed to fetch orders orders failed","stack":"Error: SQLITE_ERROR: no such table: orders","timestamp":"2025-07-24T04:01:12.809Z"}
{"level":"info","message":"GET /api/orders? 500 - 2ms","timestamp":"2025-07-24T04:01:12.809Z"}
{"error":"SQLITE_ERROR: no such table: orders","level":"error","message":"Error fetching orders","params":[10,0],"query":"SELECT * FROM orders  ORDER BY product ASC LIMIT ? OFFSET ?","timestamp":"2025-07-24T04:01:14.449Z"}
{"error":"SQLITE_ERROR: no such table: orders","level":"error","message":"Failed to fetch orders orders failed","stack":"Error: SQLITE_ERROR: no such table: orders","timestamp":"2025-07-24T04:01:14.450Z"}
{"level":"info","message":"GET /api/orders 500 - 1ms","timestamp":"2025-07-24T04:01:14.450Z"}
{"level":"info","message":"Connected to DB at /Users/nathan/Documents/barbooks_test/backend/db/database.sqlite","timestamp":"2025-07-24T04:02:28.325Z"}
{"level":"info","message":"Executed orders.sql successfully","timestamp":"2025-07-24T04:02:28.329Z"}
{"level":"info","message":"Database connection closed after migrations.","timestamp":"2025-07-24T04:02:28.329Z"}
{"level":"info","message":"✅ Seeding complete","timestamp":"2025-07-24T04:02:28.330Z"}
{"level":"info","message":"Server is running on http://localhost:3000","timestamp":"2025-07-24T04:02:28.332Z"}
{"error":"SQLITE_ERROR: no such table: orders","level":"error","message":"Error fetching orders","params":[5,0],"query":"SELECT * FROM orders  ORDER BY product ASC LIMIT ? OFFSET ?","timestamp":"2025-07-24T04:02:32.840Z"}
{"error":"SQLITE_ERROR: no such table: orders","level":"error","message":"Failed to fetch orders orders failed","stack":"Error: SQLITE_ERROR: no such table: orders","timestamp":"2025-07-24T04:02:32.841Z"}
{"level":"info","message":"GET /api/orders?product=&limit=5&offset=0 500 - 4ms","timestamp":"2025-07-24T04:02:32.843Z"}
{"error":"SQLITE_ERROR: no such table: orders","level":"error","message":"Error fetching orders","params":[],"query":"SELECT * FROM orders  ORDER BY product ASC","timestamp":"2025-07-24T04:02:32.867Z"}
{"code":"SQLITE_ERROR","errno":1,"level":"error","message":"Failed to generate summary SQLITE_ERROR: no such table: orders","stack":"Error: SQLITE_ERROR: no such table: orders","timestamp":"2025-07-24T04:02:32.868Z"}
{"level":"info","message":"GET /api/summary 500 - 25ms","timestamp":"2025-07-24T04:02:32.871Z"}
{"error":"SQLITE_ERROR: no such table: orders","level":"error","message":"Error fetching orders","params":[5,0],"query":"SELECT * FROM orders  ORDER BY product ASC LIMIT ? OFFSET ?","timestamp":"2025-07-24T04:02:32.877Z"}
{"error":"SQLITE_ERROR: no such table: orders","level":"error","message":"Failed to fetch orders orders failed","stack":"Error: SQLITE_ERROR: no such table: orders","timestamp":"2025-07-24T04:02:32.877Z"}
{"level":"info","message":"GET /api/orders?product=&limit=5&offset=0 500 - 4ms","timestamp":"2025-07-24T04:02:32.880Z"}
{"error":"SQLITE_ERROR: no such table: orders","level":"error","message":"Error fetching orders","params":[],"query":"SELECT * FROM orders  ORDER BY product ASC","timestamp":"2025-07-24T04:02:32.891Z"}
{"code":"SQLITE_ERROR","errno":1,"level":"error","message":"Failed to generate summary SQLITE_ERROR: no such table: orders","stack":"Error: SQLITE_ERROR: no such table: orders","timestamp":"2025-07-24T04:02:32.891Z"}
{"level":"info","message":"GET /api/summary 500 - 3ms","timestamp":"2025-07-24T04:02:32.892Z"}
{"error":"SQLITE_ERROR: no such table: orders","level":"error","message":"Error fetching orders","params":[5,0],"query":"SELECT * FROM orders  ORDER BY product ASC LIMIT ? OFFSET ?","timestamp":"2025-07-24T04:02:34.875Z"}
{"error":"SQLITE_ERROR: no such table: orders","level":"error","message":"Failed to fetch orders orders failed","stack":"Error: SQLITE_ERROR: no such table: orders","timestamp":"2025-07-24T04:02:34.876Z"}
{"level":"info","message":"GET /api/orders?product=&limit=5&offset=0 500 - 2ms","timestamp":"2025-07-24T04:02:34.876Z"}
{"error":"SQLITE_ERROR: no such table: orders","level":"error","message":"Error fetching orders","params":[],"query":"SELECT * FROM orders  ORDER BY product ASC","timestamp":"2025-07-24T04:02:34.878Z"}
{"code":"SQLITE_ERROR","errno":1,"level":"error","message":"Failed to generate summary SQLITE_ERROR: no such table: orders","stack":"Error: SQLITE_ERROR: no such table: orders","timestamp":"2025-07-24T04:02:34.878Z"}
{"level":"info","message":"GET /api/summary 500 - 2ms","timestamp":"2025-07-24T04:02:34.879Z"}
{"error":"SQLITE_ERROR: no such table: orders","level":"error","message":"Error fetching orders","params":[5,0],"query":"SELECT * FROM orders  ORDER BY product ASC LIMIT ? OFFSET ?","timestamp":"2025-07-24T04:02:34.880Z"}
{"error":"SQLITE_ERROR: no such table: orders","level":"error","message":"Failed to fetch orders orders failed","stack":"Error: SQLITE_ERROR: no such table: orders","timestamp":"2025-07-24T04:02:34.880Z"}
{"level":"info","message":"GET /api/orders?product=&limit=5&offset=0 500 - 4ms","timestamp":"2025-07-24T04:02:34.882Z"}
{"error":"SQLITE_ERROR: no such table: orders","level":"error","message":"Error fetching orders","params":[],"query":"SELECT * FROM orders  ORDER BY product ASC","timestamp":"2025-07-24T04:02:34.919Z"}
{"code":"SQLITE_ERROR","errno":1,"level":"error","message":"Failed to generate summary SQLITE_ERROR: no such table: orders","stack":"Error: SQLITE_ERROR: no such table: orders","timestamp":"2025-07-24T04:02:34.919Z"}
{"level":"info","message":"GET /api/summary 500 - 23ms","timestamp":"2025-07-24T04:02:34.920Z"}
{"error":"SQLITE_ERROR: no such table: orders","level":"error","message":"Error fetching orders","params":[10,0],"query":"SELECT * FROM orders  ORDER BY product ASC LIMIT ? OFFSET ?","timestamp":"2025-07-24T04:02:38.160Z"}
{"error":"SQLITE_ERROR: no such table: orders","level":"error","message":"Failed to fetch orders orders failed","stack":"Error: SQLITE_ERROR: no such table: orders","timestamp":"2025-07-24T04:02:38.161Z"}
{"level":"info","message":"GET /api/orders 500 - 3ms","timestamp":"2025-07-24T04:02:38.162Z"}
{"level":"info","message":"GET /favicon.ico 404 - 1ms","timestamp":"2025-07-24T04:02:38.191Z"}
{"level":"info","message":"Connected to DB at /Users/nathan/Documents/barbooks_test/backend/db/database.sqlite","timestamp":"2025-07-24T04:04:54.707Z"}
{"level":"info","message":"Executed orders.sql successfully","timestamp":"2025-07-24T04:04:54.710Z"}
{"level":"info","message":"Database connection closed after migrations.","timestamp":"2025-07-24T04:04:54.710Z"}
{"level":"info","message":"✅ Seeding complete","timestamp":"2025-07-24T04:04:54.711Z"}
{"level":"info","message":"Server is running on http://localhost:3000","timestamp":"2025-07-24T04:04:54.712Z"}
{"level":"info","message":"Connected to DB at /Users/nathan/Documents/barbooks_test/backend/db/database.sqlite","timestamp":"2025-07-24T04:04:54.828Z"}
{"level":"info","message":"Executed orders.sql successfully","timestamp":"2025-07-24T04:04:54.836Z"}
{"level":"info","message":"Database connection closed after migrations.","timestamp":"2025-07-24T04:04:54.836Z"}
{"level":"info","message":"✅ Seeding complete","timestamp":"2025-07-24T04:04:54.837Z"}
{"level":"info","message":"Server is running on http://localhost:3000","timestamp":"2025-07-24T04:04:54.839Z"}
{"level":"info","message":"Connected to DB at /Users/nathan/Documents/barbooks_test/backend/db/database.sqlite","timestamp":"2025-07-24T04:04:54.940Z"}
{"level":"info","message":"Executed orders.sql successfully","timestamp":"2025-07-24T04:04:54.943Z"}
{"level":"info","message":"Database connection closed after migrations.","timestamp":"2025-07-24T04:04:54.943Z"}
{"level":"info","message":"✅ Seeding complete","timestamp":"2025-07-24T04:04:54.944Z"}
{"level":"info","message":"Server is running on http://localhost:3000","timestamp":"2025-07-24T04:04:54.945Z"}
{"error":"SQLITE_ERROR: no such table: orders","level":"error","message":"Error fetching orders","params":[5,0],"query":"SELECT * FROM orders  ORDER BY product ASC LIMIT ? OFFSET ?","timestamp":"2025-07-24T04:04:57.639Z"}
{"error":"SQLITE_ERROR: no such table: orders","level":"error","message":"Failed to fetch orders orders failed","stack":"Error: SQLITE_ERROR: no such table: orders","timestamp":"2025-07-24T04:04:57.642Z"}
{"level":"info","message":"GET /api/orders?product=&limit=5&offset=0 500 - 28ms","timestamp":"2025-07-24T04:04:57.666Z"}
{"error":"SQLITE_ERROR: no such table: orders","level":"error","message":"Error fetching orders","params":[],"query":"SELECT * FROM orders  ORDER BY product ASC","timestamp":"2025-07-24T04:04:57.668Z"}
{"code":"SQLITE_ERROR","errno":1,"level":"error","message":"Failed to generate summary SQLITE_ERROR: no such table: orders","stack":"Error: SQLITE_ERROR: no such table: orders","timestamp":"2025-07-24T04:04:57.669Z"}
{"level":"info","message":"GET /api/summary 500 - 4ms","timestamp":"2025-07-24T04:04:57.671Z"}
{"error":"SQLITE_ERROR: no such table: orders","level":"error","message":"Error fetching orders","params":[5,0],"query":"SELECT * FROM orders  ORDER BY product ASC LIMIT ? OFFSET ?","timestamp":"2025-07-24T04:04:57.672Z"}
{"error":"SQLITE_ERROR: no such table: orders","level":"error","message":"Failed to fetch orders orders failed","stack":"Error: SQLITE_ERROR: no such table: orders","timestamp":"2025-07-24T04:04:57.672Z"}
{"level":"info","message":"GET /api/orders?product=&limit=5&offset=0 500 - 5ms","timestamp":"2025-07-24T04:04:57.673Z"}
{"error":"SQLITE_ERROR: no such table: orders","level":"error","message":"Error fetching orders","params":[],"query":"SELECT * FROM orders  ORDER BY product ASC","timestamp":"2025-07-24T04:04:57.674Z"}
{"code":"SQLITE_ERROR","errno":1,"level":"error","message":"Failed to generate summary SQLITE_ERROR: no such table: orders","stack":"Error: SQLITE_ERROR: no such table: orders","timestamp":"2025-07-24T04:04:57.674Z"}
{"level":"info","message":"GET /api/summary 500 - 1ms","timestamp":"2025-07-24T04:04:57.674Z"}
{"error":"SQLITE_ERROR: no such table: orders","level":"error","message":"Error fetching orders","params":[10,0],"query":"SELECT * FROM orders  ORDER BY product ASC LIMIT ? OFFSET ?","timestamp":"2025-07-24T04:05:12.339Z"}
{"error":"SQLITE_ERROR: no such table: orders","level":"error","message":"Failed to fetch orders orders failed","stack":"Error: SQLITE_ERROR: no such table: orders","timestamp":"2025-07-24T04:05:12.340Z"}
{"level":"info","message":"GET /api/orders 500 - 8ms","timestamp":"2025-07-24T04:05:12.346Z"}
{"level":"info","message":"Connected to DB at /Users/nathan/Documents/barbooks_test/backend/db/database.sqlite","timestamp":"2025-07-24T04:06:29.381Z"}
{"level":"info","message":"Executed orders.sql successfully","timestamp":"2025-07-24T04:06:29.386Z"}
{"level":"info","message":"Database connection closed after migrations.","timestamp":"2025-07-24T04:06:29.387Z"}
{"level":"info","message":"✅ Seeding complete","timestamp":"2025-07-24T04:06:29.390Z"}
{"level":"info","message":"Server is running on http://localhost:3000","timestamp":"2025-07-24T04:06:29.391Z"}
{"error":"SQLITE_ERROR: no such table: orders","level":"error","message":"Error fetching orders","params":[10,0],"query":"SELECT * FROM orders  ORDER BY product ASC LIMIT ? OFFSET ?","timestamp":"2025-07-24T04:06:34.195Z"}
{"error":"SQLITE_ERROR: no such table: orders","level":"error","message":"Failed to fetch orders orders failed","stack":"Error: SQLITE_ERROR: no such table: orders","timestamp":"2025-07-24T04:06:34.196Z"}
{"level":"info","message":"GET /api/orders 500 - 8ms","timestamp":"2025-07-24T04:06:34.201Z"}
{"level":"info","message":"Connected to DB at /Users/nathan/Documents/barbooks_test/backend/src/db/database.sqlite","timestamp":"2025-07-24T04:08:44.165Z"}
{"level":"info","message":"Executed orders.sql successfully","timestamp":"2025-07-24T04:08:44.170Z"}
{"level":"info","message":"Database connection closed after migrations.","timestamp":"2025-07-24T04:08:44.170Z"}
{"level":"info","message":"✅ Seeding complete","timestamp":"2025-07-24T04:08:44.171Z"}
{"level":"info","message":"Server is running on http://localhost:3000","timestamp":"2025-07-24T04:08:44.173Z"}
{"count":4,"level":"info","limit":10,"message":"Fetched orders","offset":0,"timestamp":"2025-07-24T04:08:48.722Z"}
{"count":4,"level":"info","limit":10,"message":"Fetched orders","offset":0,"timestamp":"2025-07-24T04:08:48.723Z"}
{"level":"info","message":"GET /api/orders 200 - 7ms","timestamp":"2025-07-24T04:08:48.727Z"}
{"count":4,"level":"info","limit":5,"message":"Fetched orders","offset":0,"product":"","timestamp":"2025-07-24T04:08:50.828Z"}
{"count":4,"level":"info","limit":5,"message":"Fetched orders","offset":0,"product":"","timestamp":"2025-07-24T04:08:50.828Z"}
{"level":"info","message":"GET /api/orders?product=&limit=5&offset=0 200 - 3ms","timestamp":"2025-07-24T04:08:50.829Z"}
{"count":4,"level":"info","message":"Fetched orders","timestamp":"2025-07-24T04:08:50.830Z"}
{"level":"info","message":"GET /api/summary 200 - 5ms","timestamp":"2025-07-24T04:08:50.833Z"}
{"count":4,"level":"info","limit":5,"message":"Fetched orders","offset":0,"product":"","timestamp":"2025-07-24T04:08:50.837Z"}
{"count":4,"level":"info","limit":5,"message":"Fetched orders","offset":0,"product":"","timestamp":"2025-07-24T04:08:50.839Z"}
{"level":"info","message":"GET /api/orders?product=&limit=5&offset=0 304 - 14ms","timestamp":"2025-07-24T04:08:50.844Z"}
{"count":4,"level":"info","message":"Fetched orders","timestamp":"2025-07-24T04:08:50.856Z"}
{"level":"info","message":"GET /api/summary 304 - 24ms","timestamp":"2025-07-24T04:08:50.858Z"}
{"count":4,"level":"info","limit":5,"message":"Fetched orders","offset":0,"product":"","timestamp":"2025-07-24T04:08:53.098Z"}
{"count":4,"level":"info","limit":5,"message":"Fetched orders","offset":0,"product":"","timestamp":"2025-07-24T04:08:53.098Z"}
{"level":"info","message":"GET /api/orders?product=&limit=5&offset=0 200 - 3ms","timestamp":"2025-07-24T04:08:53.099Z"}
{"count":4,"level":"info","message":"Fetched orders","timestamp":"2025-07-24T04:08:53.099Z"}
{"level":"info","message":"GET /api/summary 200 - 2ms","timestamp":"2025-07-24T04:08:53.099Z"}
{"count":4,"level":"info","limit":5,"message":"Fetched orders","offset":0,"product":"","timestamp":"2025-07-24T04:08:53.101Z"}
{"count":4,"level":"info","limit":5,"message":"Fetched orders","offset":0,"product":"","timestamp":"2025-07-24T04:08:53.101Z"}
{"level":"info","message":"GET /api/orders?product=&limit=5&offset=0 200 - 1ms","timestamp":"2025-07-24T04:08:53.101Z"}
{"count":4,"level":"info","message":"Fetched orders","timestamp":"2025-07-24T04:08:53.102Z"}
{"level":"info","message":"GET /api/summary 200 - 2ms","timestamp":"2025-07-24T04:08:53.102Z"}
{"id":5,"level":"info","message":"New order created","price":1,"product":"Pineapple","qty":1,"timestamp":"2025-07-24T04:09:01.806Z"}
{"level":"info","message":"POST /api/orders 201 - 3ms","timestamp":"2025-07-24T04:09:01.807Z"}
{"count":5,"level":"info","limit":5,"message":"Fetched orders","offset":0,"product":"","timestamp":"2025-07-24T04:09:01.851Z"}
{"count":5,"level":"info","limit":5,"message":"Fetched orders","offset":0,"product":"","timestamp":"2025-07-24T04:09:01.851Z"}
{"level":"info","message":"GET /api/orders?product=&limit=5&offset=0 200 - 0ms","timestamp":"2025-07-24T04:09:01.851Z"}
{"id":6,"level":"info","message":"New order created","price":1,"product":"Pineapple","qty":1,"timestamp":"2025-07-24T04:09:13.320Z"}
{"level":"info","message":"POST /api/orders 201 - 2ms","timestamp":"2025-07-24T04:09:13.321Z"}
{"count":5,"level":"info","limit":5,"message":"Fetched orders","offset":0,"product":"","timestamp":"2025-07-24T04:09:13.391Z"}
{"count":5,"level":"info","limit":5,"message":"Fetched orders","offset":0,"product":"","timestamp":"2025-07-24T04:09:13.391Z"}
{"level":"info","message":"GET /api/orders?product=&limit=5&offset=0 304 - 2ms","timestamp":"2025-07-24T04:09:13.392Z"}
{"count":5,"level":"info","limit":5,"message":"Fetched orders","offset":0,"product":"","timestamp":"2025-07-24T04:09:13.393Z"}
{"count":5,"level":"info","limit":5,"message":"Fetched orders","offset":0,"product":"","timestamp":"2025-07-24T04:09:13.394Z"}
{"level":"info","message":"GET /api/orders?product=&limit=5&offset=0 304 - 1ms","timestamp":"2025-07-24T04:09:13.394Z"}
{"count":5,"level":"info","limit":5,"message":"Fetched orders","offset":0,"product":"a","timestamp":"2025-07-24T04:09:16.754Z"}
{"count":5,"level":"info","limit":5,"message":"Fetched orders","offset":0,"product":"a","timestamp":"2025-07-24T04:09:16.754Z"}
{"level":"info","message":"GET /api/orders?product=a&limit=5&offset=0 200 - 2ms","timestamp":"2025-07-24T04:09:16.755Z"}
{"count":0,"level":"info","limit":5,"message":"Fetched orders","offset":0,"product":"as","timestamp":"2025-07-24T04:09:16.804Z"}
{"count":0,"level":"info","limit":5,"message":"Fetched orders","offset":0,"product":"as","timestamp":"2025-07-24T04:09:16.805Z"}
{"level":"info","message":"GET /api/orders?product=as&limit=5&offset=0 200 - 1ms","timestamp":"2025-07-24T04:09:16.805Z"}
{"count":0,"level":"info","limit":5,"message":"Fetched orders","offset":0,"product":"asd","timestamp":"2025-07-24T04:09:16.906Z"}
{"count":0,"level":"info","limit":5,"message":"Fetched orders","offset":0,"product":"asd","timestamp":"2025-07-24T04:09:16.906Z"}
{"level":"info","message":"GET /api/orders?product=asd&limit=5&offset=0 200 - 0ms","timestamp":"2025-07-24T04:09:16.906Z"}
{"count":0,"level":"info","limit":5,"message":"Fetched orders","offset":0,"product":"asda","timestamp":"2025-07-24T04:09:16.987Z"}
{"count":0,"level":"info","limit":5,"message":"Fetched orders","offset":0,"product":"asda","timestamp":"2025-07-24T04:09:16.987Z"}
{"level":"info","message":"GET /api/orders?product=asda&limit=5&offset=0 200 - 1ms","timestamp":"2025-07-24T04:09:16.987Z"}
{"count":5,"level":"info","limit":5,"message":"Fetched orders","offset":0,"product":"","timestamp":"2025-07-24T04:09:17.726Z"}
{"count":5,"level":"info","limit":5,"message":"Fetched orders","offset":0,"product":"","timestamp":"2025-07-24T04:09:17.726Z"}
{"level":"info","message":"GET /api/orders?product=&limit=5&offset=0 304 - 2ms","timestamp":"2025-07-24T04:09:17.727Z"}
