{"0":"S","1":"Q","10":"T","11":"O","12":"P","13":"E","14":"N","15":":","16":" ","17":"u","18":"n","19":"a","2":"L","20":"b","21":"l","22":"e","23":" ","24":"t","25":"o","26":" ","27":"o","28":"p","29":"e","3":"I","30":"n","31":" ","32":"d","33":"a","34":"t","35":"a","36":"b","37":"a","38":"s","39":"e","4":"T","40":" ","41":"f","42":"i","43":"l","44":"e","5":"E","6":"_","7":"C","8":"A","9":"N","level":"error","message":"❌ Failed to connect to SQLite DB:","timestamp":"2025-07-23T16:33:15.934Z"}
{"0":"S","1":"Q","10":"T","11":"O","12":"P","13":"E","14":"N","15":":","16":" ","17":"u","18":"n","19":"a","2":"L","20":"b","21":"l","22":"e","23":" ","24":"t","25":"o","26":" ","27":"o","28":"p","29":"e","3":"I","30":"n","31":" ","32":"d","33":"a","34":"t","35":"a","36":"b","37":"a","38":"s","39":"e","4":"T","40":" ","41":"f","42":"i","43":"l","44":"e","5":"E","6":"_","7":"C","8":"A","9":"N","level":"error","message":"❌ Failed to connect to SQLite DB:","timestamp":"2025-07-23T16:34:45.768Z"}
{"0":"S","1":"Q","10":"T","11":"O","12":"P","13":"E","14":"N","15":":","16":" ","17":"u","18":"n","19":"a","2":"L","20":"b","21":"l","22":"e","23":" ","24":"t","25":"o","26":" ","27":"o","28":"p","29":"e","3":"I","30":"n","31":" ","32":"d","33":"a","34":"t","35":"a","36":"b","37":"a","38":"s","39":"e","4":"T","40":" ","41":"f","42":"i","43":"l","44":"e","5":"E","6":"_","7":"C","8":"A","9":"N","level":"error","message":"❌ Failed to connect to SQLite DB:","timestamp":"2025-07-23T17:05:56.865Z"}
{"0":"S","1":"Q","10":"T","11":"O","12":"P","13":"E","14":"N","15":":","16":" ","17":"u","18":"n","19":"a","2":"L","20":"b","21":"l","22":"e","23":" ","24":"t","25":"o","26":" ","27":"o","28":"p","29":"e","3":"I","30":"n","31":" ","32":"d","33":"a","34":"t","35":"a","36":"b","37":"a","38":"s","39":"e","4":"T","40":" ","41":"f","42":"i","43":"l","44":"e","5":"E","6":"_","7":"C","8":"A","9":"N","level":"error","message":"❌ Failed to connect to SQLite DB:","timestamp":"2025-07-23T17:12:34.446Z"}
{"0":"S","1":"Q","10":"T","11":"O","12":"P","13":"E","14":"N","15":":","16":" ","17":"u","18":"n","19":"a","2":"L","20":"b","21":"l","22":"e","23":" ","24":"t","25":"o","26":" ","27":"o","28":"p","29":"e","3":"I","30":"n","31":" ","32":"d","33":"a","34":"t","35":"a","36":"b","37":"a","38":"s","39":"e","4":"T","40":" ","41":"f","42":"i","43":"l","44":"e","5":"E","6":"_","7":"C","8":"A","9":"N","level":"error","message":"❌ Failed to connect to SQLite DB:","timestamp":"2025-07-23T17:18:07.848Z"}
{"error":"SQLITE_ERROR: no such table: orders","level":"error","message":"Error fetching orders","params":[10,0],"query":"SELECT * FROM orders  ORDER BY product ASC LIMIT ? OFFSET ?","timestamp":"2025-07-24T03:30:18.153Z"}
{"error":"SQLITE_ERROR: no such table: orders","level":"error","message":"Failed to fetch orders orders failed","stack":"Error: SQLITE_ERROR: no such table: orders","timestamp":"2025-07-24T03:30:18.155Z"}
{"error":"SQLITE_ERROR: no such table: orders","level":"error","message":"Error fetching orders","params":[5,0],"query":"SELECT * FROM orders  ORDER BY product ASC LIMIT ? OFFSET ?","timestamp":"2025-07-24T03:42:29.955Z"}
{"error":"SQLITE_ERROR: no such table: orders","level":"error","message":"Failed to fetch orders orders failed","stack":"Error: SQLITE_ERROR: no such table: orders","timestamp":"2025-07-24T03:42:29.955Z"}
{"error":"SQLITE_ERROR: no such table: orders","level":"error","message":"Error inserting order","price":1,"product":"Test","qty":1,"timestamp":"2025-07-24T03:42:36.425Z"}
{"error":"SQLITE_ERROR: no such table: orders","level":"error","message":"Failed to add order failed","stack":"Error: SQLITE_ERROR: no such table: orders","timestamp":"2025-07-24T03:42:36.426Z"}
{"error":"SQLITE_ERROR: no such table: orders","level":"error","message":"Error fetching orders","params":[5,0],"query":"SELECT * FROM orders  ORDER BY product ASC LIMIT ? OFFSET ?","timestamp":"2025-07-24T03:49:31.068Z"}
{"error":"SQLITE_ERROR: no such table: orders","level":"error","message":"Failed to fetch orders orders failed","stack":"Error: SQLITE_ERROR: no such table: orders","timestamp":"2025-07-24T03:49:31.069Z"}
{"error":"SQLITE_ERROR: no such table: orders","level":"error","message":"Error fetching orders","params":[5,0],"query":"SELECT * FROM orders  ORDER BY product ASC LIMIT ? OFFSET ?","timestamp":"2025-07-24T03:49:33.419Z"}
{"error":"SQLITE_ERROR: no such table: orders","level":"error","message":"Failed to fetch orders orders failed","stack":"Error: SQLITE_ERROR: no such table: orders","timestamp":"2025-07-24T03:49:33.420Z"}
{"error":"SQLITE_ERROR: no such table: orders","level":"error","message":"Error fetching orders","params":[],"query":"SELECT * FROM orders  ORDER BY product ASC","timestamp":"2025-07-24T03:49:33.422Z"}
{"code":"SQLITE_ERROR","errno":1,"level":"error","message":"Failed to generate summary SQLITE_ERROR: no such table: orders","stack":"Error: SQLITE_ERROR: no such table: orders","timestamp":"2025-07-24T03:49:33.422Z"}
{"error":"SQLITE_ERROR: no such table: orders","level":"error","message":"Error fetching orders","params":[5,0],"query":"SELECT * FROM orders  ORDER BY product ASC LIMIT ? OFFSET ?","timestamp":"2025-07-24T03:49:33.425Z"}
{"error":"SQLITE_ERROR: no such table: orders","level":"error","message":"Failed to fetch orders orders failed","stack":"Error: SQLITE_ERROR: no such table: orders","timestamp":"2025-07-24T03:49:33.426Z"}
{"error":"SQLITE_ERROR: no such table: orders","level":"error","message":"Error fetching orders","params":[],"query":"SELECT * FROM orders  ORDER BY product ASC","timestamp":"2025-07-24T03:49:33.437Z"}
{"code":"SQLITE_ERROR","errno":1,"level":"error","message":"Failed to generate summary SQLITE_ERROR: no such table: orders","stack":"Error: SQLITE_ERROR: no such table: orders","timestamp":"2025-07-24T03:49:33.437Z"}
{"error":"SQLITE_ERROR: no such table: orders","level":"error","message":"Error fetching orders","params":[5,0],"query":"SELECT * FROM orders  ORDER BY product ASC LIMIT ? OFFSET ?","timestamp":"2025-07-24T03:50:36.848Z"}
{"error":"SQLITE_ERROR: no such table: orders","level":"error","message":"Failed to fetch orders orders failed","stack":"Error: SQLITE_ERROR: no such table: orders","timestamp":"2025-07-24T03:50:36.849Z"}
{"error":"SQLITE_ERROR: no such table: orders","level":"error","message":"Error fetching orders","params":[],"query":"SELECT * FROM orders  ORDER BY product ASC","timestamp":"2025-07-24T03:50:36.857Z"}
{"code":"SQLITE_ERROR","errno":1,"level":"error","message":"Failed to generate summary SQLITE_ERROR: no such table: orders","stack":"Error: SQLITE_ERROR: no such table: orders","timestamp":"2025-07-24T03:50:36.857Z"}
{"error":"SQLITE_ERROR: no such table: orders","level":"error","message":"Error fetching orders","params":[5,0],"query":"SELECT * FROM orders  ORDER BY product ASC LIMIT ? OFFSET ?","timestamp":"2025-07-24T03:50:36.860Z"}
{"error":"SQLITE_ERROR: no such table: orders","level":"error","message":"Failed to fetch orders orders failed","stack":"Error: SQLITE_ERROR: no such table: orders","timestamp":"2025-07-24T03:50:36.861Z"}
{"error":"SQLITE_ERROR: no such table: orders","level":"error","message":"Error fetching orders","params":[],"query":"SELECT * FROM orders  ORDER BY product ASC","timestamp":"2025-07-24T03:50:36.864Z"}
{"code":"SQLITE_ERROR","errno":1,"level":"error","message":"Failed to generate summary SQLITE_ERROR: no such table: orders","stack":"Error: SQLITE_ERROR: no such table: orders","timestamp":"2025-07-24T03:50:36.867Z"}
{"error":"SQLITE_ERROR: no such table: orders","level":"error","message":"Error fetching orders","params":[5,0],"query":"SELECT * FROM orders  ORDER BY product ASC LIMIT ? OFFSET ?","timestamp":"2025-07-24T03:54:20.760Z"}
{"error":"SQLITE_ERROR: no such table: orders","level":"error","message":"Failed to fetch orders orders failed","stack":"Error: SQLITE_ERROR: no such table: orders","timestamp":"2025-07-24T03:54:20.762Z"}
{"error":"SQLITE_ERROR: no such table: orders","level":"error","message":"Error fetching orders","params":[],"query":"SELECT * FROM orders  ORDER BY product ASC","timestamp":"2025-07-24T03:54:20.773Z"}
{"code":"SQLITE_ERROR","errno":1,"level":"error","message":"Failed to generate summary SQLITE_ERROR: no such table: orders","stack":"Error: SQLITE_ERROR: no such table: orders","timestamp":"2025-07-24T03:54:20.773Z"}
{"error":"SQLITE_ERROR: no such table: orders","level":"error","message":"Error fetching orders","params":[5,0],"query":"SELECT * FROM orders  ORDER BY product ASC LIMIT ? OFFSET ?","timestamp":"2025-07-24T03:54:20.774Z"}
{"error":"SQLITE_ERROR: no such table: orders","level":"error","message":"Failed to fetch orders orders failed","stack":"Error: SQLITE_ERROR: no such table: orders","timestamp":"2025-07-24T03:54:20.775Z"}
{"error":"SQLITE_ERROR: no such table: orders","level":"error","message":"Error fetching orders","params":[],"query":"SELECT * FROM orders  ORDER BY product ASC","timestamp":"2025-07-24T03:54:20.779Z"}
{"code":"SQLITE_ERROR","errno":1,"level":"error","message":"Failed to generate summary SQLITE_ERROR: no such table: orders","stack":"Error: SQLITE_ERROR: no such table: orders","timestamp":"2025-07-24T03:54:20.779Z"}
{"error":"SQLITE_ERROR: no such table: orders","level":"error","message":"Error fetching orders","params":[5,0],"query":"SELECT * FROM orders  ORDER BY product ASC LIMIT ? OFFSET ?","timestamp":"2025-07-24T03:54:22.493Z"}
{"error":"SQLITE_ERROR: no such table: orders","level":"error","message":"Failed to fetch orders orders failed","stack":"Error: SQLITE_ERROR: no such table: orders","timestamp":"2025-07-24T03:54:22.493Z"}
{"error":"SQLITE_ERROR: no such table: orders","level":"error","message":"Error fetching orders","params":[],"query":"SELECT * FROM orders  ORDER BY product ASC","timestamp":"2025-07-24T03:54:22.495Z"}
{"code":"SQLITE_ERROR","errno":1,"level":"error","message":"Failed to generate summary SQLITE_ERROR: no such table: orders","stack":"Error: SQLITE_ERROR: no such table: orders","timestamp":"2025-07-24T03:54:22.495Z"}
{"error":"SQLITE_ERROR: no such table: orders","level":"error","message":"Error fetching orders","params":[5,0],"query":"SELECT * FROM orders  ORDER BY product ASC LIMIT ? OFFSET ?","timestamp":"2025-07-24T03:54:22.498Z"}
{"error":"SQLITE_ERROR: no such table: orders","level":"error","message":"Failed to fetch orders orders failed","stack":"Error: SQLITE_ERROR: no such table: orders","timestamp":"2025-07-24T03:54:22.498Z"}
{"error":"SQLITE_ERROR: no such table: orders","level":"error","message":"Error fetching orders","params":[],"query":"SELECT * FROM orders  ORDER BY product ASC","timestamp":"2025-07-24T03:54:22.499Z"}
{"code":"SQLITE_ERROR","errno":1,"level":"error","message":"Failed to generate summary SQLITE_ERROR: no such table: orders","stack":"Error: SQLITE_ERROR: no such table: orders","timestamp":"2025-07-24T03:54:22.499Z"}
{"error":"SQLITE_ERROR: no such table: orders","level":"error","message":"Error fetching orders","params":[5,0],"query":"SELECT * FROM orders  ORDER BY product ASC LIMIT ? OFFSET ?","timestamp":"2025-07-24T03:54:23.909Z"}
{"error":"SQLITE_ERROR: no such table: orders","level":"error","message":"Failed to fetch orders orders failed","stack":"Error: SQLITE_ERROR: no such table: orders","timestamp":"2025-07-24T03:54:23.909Z"}
{"error":"SQLITE_ERROR: no such table: orders","level":"error","message":"Error fetching orders","params":[],"query":"SELECT * FROM orders  ORDER BY product ASC","timestamp":"2025-07-24T03:54:23.911Z"}
{"code":"SQLITE_ERROR","errno":1,"level":"error","message":"Failed to generate summary SQLITE_ERROR: no such table: orders","stack":"Error: SQLITE_ERROR: no such table: orders","timestamp":"2025-07-24T03:54:23.912Z"}
{"error":"SQLITE_ERROR: no such table: orders","level":"error","message":"Error fetching orders","params":[],"query":"SELECT * FROM orders  ORDER BY product ASC","timestamp":"2025-07-24T03:54:23.916Z"}
{"code":"SQLITE_ERROR","errno":1,"level":"error","message":"Failed to generate summary SQLITE_ERROR: no such table: orders","stack":"Error: SQLITE_ERROR: no such table: orders","timestamp":"2025-07-24T03:54:23.916Z"}
{"error":"SQLITE_ERROR: no such table: orders","level":"error","message":"Error fetching orders","params":[5,0],"query":"SELECT * FROM orders  ORDER BY product ASC LIMIT ? OFFSET ?","timestamp":"2025-07-24T03:54:23.928Z"}
{"error":"SQLITE_ERROR: no such table: orders","level":"error","message":"Failed to fetch orders orders failed","stack":"Error: SQLITE_ERROR: no such table: orders","timestamp":"2025-07-24T03:54:23.928Z"}
{"error":"SQLITE_ERROR: no such table: orders","level":"error","message":"Error fetching orders","params":[5,0],"query":"SELECT * FROM orders  ORDER BY product ASC LIMIT ? OFFSET ?","timestamp":"2025-07-24T04:01:09.042Z"}
{"error":"SQLITE_ERROR: no such table: orders","level":"error","message":"Failed to fetch orders orders failed","stack":"Error: SQLITE_ERROR: no such table: orders","timestamp":"2025-07-24T04:01:09.043Z"}
{"error":"SQLITE_ERROR: no such table: orders","level":"error","message":"Error fetching orders","params":[10,0],"query":"SELECT * FROM orders  ORDER BY product ASC LIMIT ? OFFSET ?","timestamp":"2025-07-24T04:01:12.808Z"}
{"error":"SQLITE_ERROR: no such table: orders","level":"error","message":"Failed to fetch orders orders failed","stack":"Error: SQLITE_ERROR: no such table: orders","timestamp":"2025-07-24T04:01:12.809Z"}
{"error":"SQLITE_ERROR: no such table: orders","level":"error","message":"Error fetching orders","params":[10,0],"query":"SELECT * FROM orders  ORDER BY product ASC LIMIT ? OFFSET ?","timestamp":"2025-07-24T04:01:14.449Z"}
{"error":"SQLITE_ERROR: no such table: orders","level":"error","message":"Failed to fetch orders orders failed","stack":"Error: SQLITE_ERROR: no such table: orders","timestamp":"2025-07-24T04:01:14.450Z"}
{"error":"SQLITE_ERROR: no such table: orders","level":"error","message":"Error fetching orders","params":[5,0],"query":"SELECT * FROM orders  ORDER BY product ASC LIMIT ? OFFSET ?","timestamp":"2025-07-24T04:02:32.840Z"}
{"error":"SQLITE_ERROR: no such table: orders","level":"error","message":"Failed to fetch orders orders failed","stack":"Error: SQLITE_ERROR: no such table: orders","timestamp":"2025-07-24T04:02:32.841Z"}
{"error":"SQLITE_ERROR: no such table: orders","level":"error","message":"Error fetching orders","params":[],"query":"SELECT * FROM orders  ORDER BY product ASC","timestamp":"2025-07-24T04:02:32.867Z"}
{"code":"SQLITE_ERROR","errno":1,"level":"error","message":"Failed to generate summary SQLITE_ERROR: no such table: orders","stack":"Error: SQLITE_ERROR: no such table: orders","timestamp":"2025-07-24T04:02:32.868Z"}
{"error":"SQLITE_ERROR: no such table: orders","level":"error","message":"Error fetching orders","params":[5,0],"query":"SELECT * FROM orders  ORDER BY product ASC LIMIT ? OFFSET ?","timestamp":"2025-07-24T04:02:32.877Z"}
{"error":"SQLITE_ERROR: no such table: orders","level":"error","message":"Failed to fetch orders orders failed","stack":"Error: SQLITE_ERROR: no such table: orders","timestamp":"2025-07-24T04:02:32.877Z"}
{"error":"SQLITE_ERROR: no such table: orders","level":"error","message":"Error fetching orders","params":[],"query":"SELECT * FROM orders  ORDER BY product ASC","timestamp":"2025-07-24T04:02:32.891Z"}
{"code":"SQLITE_ERROR","errno":1,"level":"error","message":"Failed to generate summary SQLITE_ERROR: no such table: orders","stack":"Error: SQLITE_ERROR: no such table: orders","timestamp":"2025-07-24T04:02:32.891Z"}
{"error":"SQLITE_ERROR: no such table: orders","level":"error","message":"Error fetching orders","params":[5,0],"query":"SELECT * FROM orders  ORDER BY product ASC LIMIT ? OFFSET ?","timestamp":"2025-07-24T04:02:34.875Z"}
{"error":"SQLITE_ERROR: no such table: orders","level":"error","message":"Failed to fetch orders orders failed","stack":"Error: SQLITE_ERROR: no such table: orders","timestamp":"2025-07-24T04:02:34.876Z"}
{"error":"SQLITE_ERROR: no such table: orders","level":"error","message":"Error fetching orders","params":[],"query":"SELECT * FROM orders  ORDER BY product ASC","timestamp":"2025-07-24T04:02:34.878Z"}
{"code":"SQLITE_ERROR","errno":1,"level":"error","message":"Failed to generate summary SQLITE_ERROR: no such table: orders","stack":"Error: SQLITE_ERROR: no such table: orders","timestamp":"2025-07-24T04:02:34.878Z"}
{"error":"SQLITE_ERROR: no such table: orders","level":"error","message":"Error fetching orders","params":[5,0],"query":"SELECT * FROM orders  ORDER BY product ASC LIMIT ? OFFSET ?","timestamp":"2025-07-24T04:02:34.880Z"}
{"error":"SQLITE_ERROR: no such table: orders","level":"error","message":"Failed to fetch orders orders failed","stack":"Error: SQLITE_ERROR: no such table: orders","timestamp":"2025-07-24T04:02:34.880Z"}
{"error":"SQLITE_ERROR: no such table: orders","level":"error","message":"Error fetching orders","params":[],"query":"SELECT * FROM orders  ORDER BY product ASC","timestamp":"2025-07-24T04:02:34.919Z"}
{"code":"SQLITE_ERROR","errno":1,"level":"error","message":"Failed to generate summary SQLITE_ERROR: no such table: orders","stack":"Error: SQLITE_ERROR: no such table: orders","timestamp":"2025-07-24T04:02:34.919Z"}
{"error":"SQLITE_ERROR: no such table: orders","level":"error","message":"Error fetching orders","params":[10,0],"query":"SELECT * FROM orders  ORDER BY product ASC LIMIT ? OFFSET ?","timestamp":"2025-07-24T04:02:38.160Z"}
{"error":"SQLITE_ERROR: no such table: orders","level":"error","message":"Failed to fetch orders orders failed","stack":"Error: SQLITE_ERROR: no such table: orders","timestamp":"2025-07-24T04:02:38.161Z"}
{"error":"SQLITE_ERROR: no such table: orders","level":"error","message":"Error fetching orders","params":[5,0],"query":"SELECT * FROM orders  ORDER BY product ASC LIMIT ? OFFSET ?","timestamp":"2025-07-24T04:04:57.639Z"}
{"error":"SQLITE_ERROR: no such table: orders","level":"error","message":"Failed to fetch orders orders failed","stack":"Error: SQLITE_ERROR: no such table: orders","timestamp":"2025-07-24T04:04:57.642Z"}
{"error":"SQLITE_ERROR: no such table: orders","level":"error","message":"Error fetching orders","params":[],"query":"SELECT * FROM orders  ORDER BY product ASC","timestamp":"2025-07-24T04:04:57.668Z"}
{"code":"SQLITE_ERROR","errno":1,"level":"error","message":"Failed to generate summary SQLITE_ERROR: no such table: orders","stack":"Error: SQLITE_ERROR: no such table: orders","timestamp":"2025-07-24T04:04:57.669Z"}
{"error":"SQLITE_ERROR: no such table: orders","level":"error","message":"Error fetching orders","params":[5,0],"query":"SELECT * FROM orders  ORDER BY product ASC LIMIT ? OFFSET ?","timestamp":"2025-07-24T04:04:57.672Z"}
{"error":"SQLITE_ERROR: no such table: orders","level":"error","message":"Failed to fetch orders orders failed","stack":"Error: SQLITE_ERROR: no such table: orders","timestamp":"2025-07-24T04:04:57.672Z"}
{"error":"SQLITE_ERROR: no such table: orders","level":"error","message":"Error fetching orders","params":[],"query":"SELECT * FROM orders  ORDER BY product ASC","timestamp":"2025-07-24T04:04:57.674Z"}
{"code":"SQLITE_ERROR","errno":1,"level":"error","message":"Failed to generate summary SQLITE_ERROR: no such table: orders","stack":"Error: SQLITE_ERROR: no such table: orders","timestamp":"2025-07-24T04:04:57.674Z"}
{"error":"SQLITE_ERROR: no such table: orders","level":"error","message":"Error fetching orders","params":[10,0],"query":"SELECT * FROM orders  ORDER BY product ASC LIMIT ? OFFSET ?","timestamp":"2025-07-24T04:05:12.339Z"}
{"error":"SQLITE_ERROR: no such table: orders","level":"error","message":"Failed to fetch orders orders failed","stack":"Error: SQLITE_ERROR: no such table: orders","timestamp":"2025-07-24T04:05:12.340Z"}
{"error":"SQLITE_ERROR: no such table: orders","level":"error","message":"Error fetching orders","params":[10,0],"query":"SELECT * FROM orders  ORDER BY product ASC LIMIT ? OFFSET ?","timestamp":"2025-07-24T04:06:34.195Z"}
{"error":"SQLITE_ERROR: no such table: orders","level":"error","message":"Failed to fetch orders orders failed","stack":"Error: SQLITE_ERROR: no such table: orders","timestamp":"2025-07-24T04:06:34.196Z"}
